2023-02-01 06:34:38.221+0000 WARN  Use of deprecated setting 'dbms.memory.pagecache.size'. It is replaced by 'server.memory.pagecache.size'.
2023-02-01 06:34:38.225+0000 WARN  Use of deprecated setting 'dbms.memory.heap.max_size'. It is replaced by 'server.memory.heap.max_size'.
2023-02-01 06:34:38.228+0000 INFO  Starting...
2023-02-01 06:34:38.629+0000 INFO  This instance is ServerId{a16a6dd9} (a16a6dd9-9dd2-4561-b52a-60fec232efb1)
2023-02-01 06:34:39.424+0000 INFO  ======== Neo4j 5.4.0 ========
2023-02-01 06:34:42.141+0000 INFO  Bolt enabled on 0.0.0.0:7687.
2023-02-01 06:34:42.836+0000 INFO  Remote interface available at http://localhost:7474/
2023-02-01 06:34:42.839+0000 INFO  id: 419915548C15C147DF0EF643E3008B6D1E3F801EE405EE8635292D16CE5CC7AE
2023-02-01 06:34:42.840+0000 INFO  name: system
2023-02-01 06:34:42.840+0000 INFO  creationDate: 2023-02-01T06:34:40.126Z
2023-02-01 06:34:42.840+0000 INFO  Started.
2023-02-01 06:51:43.564+0000 WARN  The client is unauthorized due to authentication failure.
2023-02-01 06:51:43.598+0000 WARN  The client is unauthorized due to authentication failure.
2023-02-02 06:02:22.429+0000 ERROR Client triggered an unexpected error [Neo.DatabaseError.General.UnknownError]: Lexical error at line 1, column 25.  Encountered: <EOF> after : "", reference df61cc5a-b885-4eb1-aae3-99f9d91d678b.
2023-02-02 06:02:35.035+0000 ERROR Client triggered an unexpected error [Neo.DatabaseError.General.UnknownError]: Lexical error at line 1, column 40.  Encountered: <EOF> after : "", reference c6598a0e-a74b-4d00-a31d-f136bbfa3239.
2023-02-03 16:14:53.148+0000 INFO  Neo4j Server shutdown initiated by request
2023-02-03 16:14:53.148+0000 INFO  Stopping...
2023-02-03 16:14:58.293+0000 INFO  Stopped.
2023-02-04 08:09:55.810+0000 WARN  Use of deprecated setting 'dbms.memory.pagecache.size'. It is replaced by 'server.memory.pagecache.size'.
2023-02-04 08:09:55.812+0000 WARN  Use of deprecated setting 'dbms.memory.heap.max_size'. It is replaced by 'server.memory.heap.max_size'.
2023-02-04 08:09:55.814+0000 INFO  Starting...
2023-02-04 08:09:56.088+0000 INFO  This instance is ServerId{a16a6dd9} (a16a6dd9-9dd2-4561-b52a-60fec232efb1)
2023-02-04 08:09:56.646+0000 INFO  ======== Neo4j 5.4.0 ========
2023-02-04 08:09:57.684+0000 INFO  Bolt enabled on 0.0.0.0:7687.
2023-02-04 08:09:58.115+0000 INFO  Remote interface available at http://localhost:7474/
2023-02-04 08:09:58.117+0000 INFO  id: 419915548C15C147DF0EF643E3008B6D1E3F801EE405EE8635292D16CE5CC7AE
2023-02-04 08:09:58.117+0000 INFO  name: system
2023-02-04 08:09:58.118+0000 INFO  creationDate: 2023-02-01T06:34:40.126Z
2023-02-04 08:09:58.118+0000 INFO  Started.
2023-02-04 16:36:32.221+0000 INFO  Neo4j Server shutdown initiated by request
2023-02-04 16:36:32.222+0000 INFO  Stopping...
2023-02-04 16:36:37.331+0000 INFO  Stopped.
2023-02-04 17:28:09.414+0000 WARN  Use of deprecated setting 'dbms.memory.pagecache.size'. It is replaced by 'server.memory.pagecache.size'.
2023-02-04 17:28:09.417+0000 WARN  Use of deprecated setting 'dbms.memory.heap.max_size'. It is replaced by 'server.memory.heap.max_size'.
2023-02-04 17:28:09.418+0000 INFO  Starting...
2023-02-04 17:28:09.732+0000 INFO  This instance is ServerId{a16a6dd9} (a16a6dd9-9dd2-4561-b52a-60fec232efb1)
2023-02-04 17:28:10.295+0000 INFO  ======== Neo4j 5.4.0 ========
2023-02-04 17:28:11.263+0000 INFO  Bolt enabled on 0.0.0.0:7687.
2023-02-04 17:28:11.725+0000 INFO  Remote interface available at http://localhost:7474/
2023-02-04 17:28:11.728+0000 INFO  id: 419915548C15C147DF0EF643E3008B6D1E3F801EE405EE8635292D16CE5CC7AE
2023-02-04 17:28:11.729+0000 INFO  name: system
2023-02-04 17:28:11.729+0000 INFO  creationDate: 2023-02-01T06:34:40.126Z
2023-02-04 17:28:11.729+0000 INFO  Started.
2023-02-05 08:41:10.656+0000 INFO  Neo4j Server shutdown initiated by request
2023-02-05 08:41:10.656+0000 INFO  Stopping...
2023-02-05 08:41:16.411+0000 INFO  Stopped.
2023-02-05 09:03:05.278+0000 WARN  Use of deprecated setting 'dbms.memory.pagecache.size'. It is replaced by 'server.memory.pagecache.size'.
2023-02-05 09:03:05.281+0000 WARN  Use of deprecated setting 'dbms.memory.heap.max_size'. It is replaced by 'server.memory.heap.max_size'.
2023-02-05 09:03:05.282+0000 INFO  Starting...
2023-02-05 09:03:05.541+0000 INFO  This instance is ServerId{a16a6dd9} (a16a6dd9-9dd2-4561-b52a-60fec232efb1)
2023-02-05 09:03:06.056+0000 INFO  ======== Neo4j 5.4.0 ========
2023-02-05 09:03:07.011+0000 INFO  Bolt enabled on 0.0.0.0:7687.
2023-02-05 09:03:07.480+0000 INFO  Remote interface available at http://localhost:7474/
2023-02-05 09:03:07.483+0000 INFO  id: 419915548C15C147DF0EF643E3008B6D1E3F801EE405EE8635292D16CE5CC7AE
2023-02-05 09:03:07.483+0000 INFO  name: system
2023-02-05 09:03:07.483+0000 INFO  creationDate: 2023-02-01T06:34:40.126Z
2023-02-05 09:03:07.483+0000 INFO  Started.
2023-02-05 09:07:24.007+0000 INFO  Neo4j Server shutdown initiated by request
2023-02-05 09:07:24.007+0000 INFO  Stopping...
2023-02-05 09:07:30.036+0000 INFO  Stopped.
2023-02-05 09:07:34.110+0000 WARN  Use of deprecated setting 'dbms.memory.pagecache.size'. It is replaced by 'server.memory.pagecache.size'.
2023-02-05 09:07:34.113+0000 WARN  Use of deprecated setting 'dbms.memory.heap.max_size'. It is replaced by 'server.memory.heap.max_size'.
2023-02-05 09:07:34.114+0000 INFO  Starting...
2023-02-05 09:07:34.373+0000 INFO  This instance is ServerId{a16a6dd9} (a16a6dd9-9dd2-4561-b52a-60fec232efb1)
2023-02-05 09:07:34.872+0000 INFO  ======== Neo4j 5.4.0 ========
2023-02-05 09:07:35.866+0000 INFO  Bolt enabled on 0.0.0.0:7687.
2023-02-05 09:07:36.383+0000 INFO  Remote interface available at http://localhost:7474/
2023-02-05 09:07:36.385+0000 INFO  id: 419915548C15C147DF0EF643E3008B6D1E3F801EE405EE8635292D16CE5CC7AE
2023-02-05 09:07:36.385+0000 INFO  name: system
2023-02-05 09:07:36.385+0000 INFO  creationDate: 2023-02-01T06:34:40.126Z
2023-02-05 09:07:36.385+0000 INFO  Started.
2023-02-05 20:32:29.266+0000 INFO  Neo4j Server shutdown initiated by request
2023-02-05 20:32:29.267+0000 INFO  Stopping...
2023-02-05 20:32:35.002+0000 INFO  Stopped.
2023-02-05 22:26:49.006+0000 WARN  Use of deprecated setting 'dbms.memory.pagecache.size'. It is replaced by 'server.memory.pagecache.size'.
2023-02-05 22:26:49.009+0000 WARN  Use of deprecated setting 'dbms.memory.heap.max_size'. It is replaced by 'server.memory.heap.max_size'.
2023-02-05 22:26:49.011+0000 INFO  Starting...
2023-02-05 22:26:49.266+0000 INFO  This instance is ServerId{a16a6dd9} (a16a6dd9-9dd2-4561-b52a-60fec232efb1)
2023-02-05 22:26:49.795+0000 INFO  ======== Neo4j 5.4.0 ========
2023-02-05 22:26:50.746+0000 INFO  Bolt enabled on 0.0.0.0:7687.
2023-02-05 21:26:51.678+0000 INFO  Remote interface available at http://localhost:7474/
2023-02-05 21:26:51.680+0000 INFO  id: 419915548C15C147DF0EF643E3008B6D1E3F801EE405EE8635292D16CE5CC7AE
2023-02-05 21:26:51.680+0000 INFO  name: system
2023-02-05 21:26:51.680+0000 INFO  creationDate: 2023-02-01T06:34:40.126Z
2023-02-05 21:26:51.680+0000 INFO  Started.
2023-02-06 16:01:17.901+0000 INFO  Neo4j Server shutdown initiated by request
2023-02-06 16:01:17.902+0000 INFO  Stopping...
2023-02-06 16:01:23.630+0000 INFO  Stopped.
2023-02-15 06:16:43.664+0000 WARN  Use of deprecated setting 'dbms.memory.pagecache.size'. It is replaced by 'server.memory.pagecache.size'.
2023-02-15 06:16:43.666+0000 WARN  Use of deprecated setting 'dbms.memory.heap.max_size'. It is replaced by 'server.memory.heap.max_size'.
2023-02-15 06:16:43.667+0000 INFO  Starting...
2023-02-15 06:16:43.912+0000 INFO  This instance is ServerId{a16a6dd9} (a16a6dd9-9dd2-4561-b52a-60fec232efb1)
2023-02-15 06:16:44.462+0000 INFO  ======== Neo4j 5.4.0 ========
2023-02-15 06:16:45.402+0000 INFO  Bolt enabled on 0.0.0.0:7687.
2023-02-15 06:16:38.706+0000 INFO  Remote interface available at http://localhost:7474/
2023-02-15 06:16:38.708+0000 INFO  id: 419915548C15C147DF0EF643E3008B6D1E3F801EE405EE8635292D16CE5CC7AE
2023-02-15 06:16:38.709+0000 INFO  name: system
2023-02-15 06:16:38.709+0000 INFO  creationDate: 2023-02-01T06:34:40.126Z
2023-02-15 06:16:38.709+0000 INFO  Started.
2023-02-15 06:27:08.739+0000 INFO  Neo4j Server shutdown initiated by request
2023-02-15 06:27:08.739+0000 INFO  Stopping...
2023-02-15 06:27:14.596+0000 INFO  Stopped.
2023-02-15 06:27:17.936+0000 WARN  Use of deprecated setting 'dbms.memory.pagecache.size'. It is replaced by 'server.memory.pagecache.size'.
2023-02-15 06:27:17.938+0000 WARN  Use of deprecated setting 'dbms.memory.heap.max_size'. It is replaced by 'server.memory.heap.max_size'.
2023-02-15 06:27:17.940+0000 INFO  Starting...
2023-02-15 06:27:18.195+0000 INFO  This instance is ServerId{a16a6dd9} (a16a6dd9-9dd2-4561-b52a-60fec232efb1)
2023-02-15 06:27:18.650+0000 INFO  ======== Neo4j 5.4.0 ========
2023-02-15 06:27:19.561+0000 INFO  Bolt enabled on 0.0.0.0:7687.
2023-02-15 06:27:20.000+0000 INFO  Remote interface available at http://localhost:7474/
2023-02-15 06:27:20.002+0000 INFO  id: 419915548C15C147DF0EF643E3008B6D1E3F801EE405EE8635292D16CE5CC7AE
2023-02-15 06:27:20.002+0000 INFO  name: system
2023-02-15 06:27:20.003+0000 INFO  creationDate: 2023-02-01T06:34:40.126Z
2023-02-15 06:27:20.003+0000 INFO  Started.
2023-02-18 08:44:09.513+0000 WARN  Use of deprecated setting 'dbms.memory.pagecache.size'. It is replaced by 'server.memory.pagecache.size'.
2023-02-18 08:44:09.516+0000 WARN  Use of deprecated setting 'dbms.memory.heap.max_size'. It is replaced by 'server.memory.heap.max_size'.
2023-02-18 08:44:09.518+0000 INFO  Starting...
2023-02-18 08:44:09.796+0000 INFO  This instance is ServerId{a16a6dd9} (a16a6dd9-9dd2-4561-b52a-60fec232efb1)
2023-02-18 08:44:10.342+0000 INFO  ======== Neo4j 5.4.0 ========
2023-02-18 08:44:11.314+0000 INFO  Bolt enabled on 0.0.0.0:7687.
2023-02-18 08:44:11.752+0000 INFO  Remote interface available at http://localhost:7474/
2023-02-18 08:44:11.754+0000 INFO  id: 419915548C15C147DF0EF643E3008B6D1E3F801EE405EE8635292D16CE5CC7AE
2023-02-18 08:44:11.754+0000 INFO  name: system
2023-02-18 08:44:11.754+0000 INFO  creationDate: 2023-02-01T06:34:40.126Z
2023-02-18 08:44:11.754+0000 INFO  Started.
2023-02-19 08:13:28.191+0000 WARN  Use of deprecated setting 'dbms.memory.pagecache.size'. It is replaced by 'server.memory.pagecache.size'.
2023-02-19 08:13:28.194+0000 WARN  Use of deprecated setting 'dbms.memory.heap.max_size'. It is replaced by 'server.memory.heap.max_size'.
2023-02-19 08:13:28.196+0000 INFO  Starting...
2023-02-19 08:13:28.474+0000 INFO  This instance is ServerId{a16a6dd9} (a16a6dd9-9dd2-4561-b52a-60fec232efb1)
2023-02-19 08:13:29.071+0000 INFO  ======== Neo4j 5.4.0 ========
2023-02-19 08:13:30.086+0000 INFO  Bolt enabled on 0.0.0.0:7687.
2023-02-19 08:13:30.509+0000 INFO  Remote interface available at http://localhost:7474/
2023-02-19 08:13:30.511+0000 INFO  id: 419915548C15C147DF0EF643E3008B6D1E3F801EE405EE8635292D16CE5CC7AE
2023-02-19 08:13:30.511+0000 INFO  name: system
2023-02-19 08:13:30.511+0000 INFO  creationDate: 2023-02-01T06:34:40.126Z
2023-02-19 08:13:30.512+0000 INFO  Started.
2023-02-19 09:21:06.612+0000 ERROR [bolt-343] Terminating connection due to unexpected error
org.neo4j.bolt.protocol.error.streaming.BoltStreamingWriteException: Failed to finalize batch: Cannot write result response
	at org.neo4j.bolt.protocol.common.transaction.result.ResultHandler.onFinish(ResultHandler.java:116) ~[neo4j-bolt-5.4.0.jar:5.4.0]
	at org.neo4j.bolt.protocol.common.fsm.AbstractStateMachine.after(AbstractStateMachine.java:126) ~[neo4j-bolt-5.4.0.jar:5.4.0]
	at org.neo4j.bolt.protocol.common.fsm.AbstractStateMachine.process(AbstractStateMachine.java:99) ~[neo4j-bolt-5.4.0.jar:5.4.0]
	at org.neo4j.bolt.protocol.common.connector.connection.AtomicSchedulingConnection.lambda$submit$4(AtomicSchedulingConnection.java:113) ~[neo4j-bolt-5.4.0.jar:5.4.0]
	at org.neo4j.bolt.protocol.common.connector.connection.AtomicSchedulingConnection.executeJob(AtomicSchedulingConnection.java:336) ~[neo4j-bolt-5.4.0.jar:5.4.0]
	at org.neo4j.bolt.protocol.common.connector.connection.AtomicSchedulingConnection.doExecuteJobs(AtomicSchedulingConnection.java:270) ~[neo4j-bolt-5.4.0.jar:5.4.0]
	at org.neo4j.bolt.protocol.common.connector.connection.AtomicSchedulingConnection.executeJobs(AtomicSchedulingConnection.java:212) ~[neo4j-bolt-5.4.0.jar:5.4.0]
	at java.util.concurrent.Executors$RunnableAdapter.call(Executors.java:539) ~[?:?]
	at java.util.concurrent.FutureTask.run(FutureTask.java:264) ~[?:?]
	at java.util.concurrent.ThreadPoolExecutor.runWorker(ThreadPoolExecutor.java:1136) ~[?:?]
	at java.util.concurrent.ThreadPoolExecutor$Worker.run(ThreadPoolExecutor.java:635) ~[?:?]
	at java.lang.Thread.run(Thread.java:833) ~[?:?]
Caused by: io.netty.channel.StacklessClosedChannelException
	at io.netty.channel.AbstractChannel$AbstractUnsafe.write(Object, ChannelPromise)(Unknown Source) ~[netty-transport-4.1.85.Final.jar:4.1.85.Final]
2023-02-22 20:25:52.748+0000 INFO  Neo4j Server shutdown initiated by request
2023-02-22 20:25:52.748+0000 INFO  Stopping...
2023-02-22 20:25:57.854+0000 INFO  Stopped.
2023-02-23 05:57:19.153+0000 WARN  Use of deprecated setting 'dbms.memory.pagecache.size'. It is replaced by 'server.memory.pagecache.size'.
2023-02-23 05:57:19.156+0000 WARN  Use of deprecated setting 'dbms.memory.heap.max_size'. It is replaced by 'server.memory.heap.max_size'.
2023-02-23 05:57:19.157+0000 INFO  Starting...
2023-02-23 05:57:19.415+0000 INFO  This instance is ServerId{a16a6dd9} (a16a6dd9-9dd2-4561-b52a-60fec232efb1)
2023-02-23 05:57:19.998+0000 INFO  ======== Neo4j 5.4.0 ========
2023-02-23 05:57:21.077+0000 INFO  Bolt enabled on 0.0.0.0:7687.
2023-02-23 05:57:21.519+0000 INFO  Remote interface available at http://localhost:7474/
2023-02-23 05:57:21.521+0000 INFO  id: 419915548C15C147DF0EF643E3008B6D1E3F801EE405EE8635292D16CE5CC7AE
2023-02-23 05:57:21.521+0000 INFO  name: system
2023-02-23 05:57:21.521+0000 INFO  creationDate: 2023-02-01T06:34:40.126Z
2023-02-23 05:57:21.521+0000 INFO  Started.
